Start testing: Aug 31 03:43 PDT
----------------------------------------------------------
1/1 Testing: batchringbuffer_test
1/1 Test: batchringbuffer_test
Command: "/c/vizidrix/src/github.com/vizidrix/libbatchringbuffer/build/bin/batchringbuffer_test"
Directory: /c/vizidrix/src/github.com/vizidrix/libbatchringbuffer/build/test
"batchringbuffer_test" start time: Aug 31 03:43 PDT
Output:
----------------------------------------------------------
[==========] Running 1 test from 1 test case.
[----------] Global test environment set-up.
[----------] 1 test from BatchRingBufferTest
[ RUN      ] BatchRingBufferTest.Should_not_pass
[       OK ] BatchRingBufferTest.Should_not_pass (0 ms)
[----------] 1 test from BatchRingBufferTest (0 ms total)

[----------] Global test environment tear-down
[==========] 1 test from 1 test case ran. (0 ms total)
[  PASSED  ] 1 test.
<end of output>
Test time =   0.01 sec
----------------------------------------------------------
Test Passed.
"batchringbuffer_test" end time: Aug 31 03:43 PDT
"batchringbuffer_test" time elapsed: 00:00:00
----------------------------------------------------------

End testing: Aug 31 03:43 PDT
